<?xml version="1.0" encoding="UTF-8"?>
<!-- Generated by org.testng.reporters.JUnitReportReporter -->
<testsuite hostname="Savyasachi" failures="0" tests="3" name="test.DemoQAShop.SmokeTest" time="33.890" errors="0" timestamp="2023-04-26T17:04:39 IST" skipped="0">
  <testcase classname="test.DemoQAShop.SmokeTest" name="verifysearching" time="6.961"/>
  <system-out/>
  <testcase classname="test.DemoQAShop.SmokeTest" name="verifyAddToCart" time="10.246"/>
  <system-out/>
  <testcase classname="test.DemoQAShop.SmokeTest" name="verifyOrderPlacement" time="16.683"/>
  <system-out/>
</testsuite> <!-- test.DemoQAShop.SmokeTest -->
